app/build/intermediates/manifest_merge_blame_file/release/manifest-merger-blame-release-report.txt
1<?xml version="1.0" encoding="utf-8"?>
2<manifest xmlns:android="http://schemas.android.com/apk/res/android"
3    package="com.hx.locationtracker"
4    android:versionCode="215"
5    android:versionName="2.1.5" >
6
7    <uses-sdk
8        android:minSdkVersion="14"
8-->src\main\AndroidManifest.xml
9        android:targetSdkVersion="33" />
9-->src\main\AndroidManifest.xml
10
11    <!-- 保留核心权限 -->
12    <uses-permission android:name="android.permission.WAKE_LOCK" />
12-->src\main\AndroidManifest.xml:6:5-68
12-->src\main\AndroidManifest.xml:6:22-65
13    <uses-permission android:name="android.permission.ACCESS_NETWORK_STATE" />
13-->src\main\AndroidManifest.xml:7:5-79
13-->src\main\AndroidManifest.xml:7:22-76
14    <uses-permission android:name="android.permission.ACCESS_WIFI_STATE" />
14-->src\main\AndroidManifest.xml:8:5-76
14-->src\main\AndroidManifest.xml:8:22-73
15    <uses-permission android:name="android.permission.CHANGE_WIFI_STATE" />
15-->src\main\AndroidManifest.xml:9:5-76
15-->src\main\AndroidManifest.xml:9:22-73
16    <uses-permission android:name="android.permission.INTERNET" />
16-->src\main\AndroidManifest.xml:10:5-67
16-->src\main\AndroidManifest.xml:10:22-64
17    <uses-permission android:name="android.permission.ACCESS_COARSE_LOCATION" />
17-->src\main\AndroidManifest.xml:11:5-81
17-->src\main\AndroidManifest.xml:11:22-78
18    <uses-permission android:name="android.permission.ACCESS_FINE_LOCATION" />
18-->src\main\AndroidManifest.xml:12:5-79
18-->src\main\AndroidManifest.xml:12:22-76
19    <uses-permission android:name="android.permission.ACCESS_LOCATION_EXTRA_COMMANDS" />
19-->src\main\AndroidManifest.xml:13:5-89
19-->src\main\AndroidManifest.xml:13:22-86
20    <uses-permission android:name="android.permission.READ_EXTERNAL_STORAGE" />
20-->src\main\AndroidManifest.xml:14:5-80
20-->src\main\AndroidManifest.xml:14:22-77
21    <uses-permission android:name="android.permission.FOREGROUND_SERVICE" />
21-->src\main\AndroidManifest.xml:15:5-77
21-->src\main\AndroidManifest.xml:15:22-74
22    <uses-permission android:name="android.permission.RECEIVE_BOOT_COMPLETED" />
22-->src\main\AndroidManifest.xml:16:5-81
22-->src\main\AndroidManifest.xml:16:22-78
23    <uses-permission android:name="android.permission.POST_NOTIFICATIONS" />
23-->src\main\AndroidManifest.xml:17:5-77
23-->src\main\AndroidManifest.xml:17:22-74
24
25    <!-- 省略蓝牙、系统窗口、华为等特殊权限 -->
26    <application
26-->src\main\AndroidManifest.xml:20:5-93:19
27        android:name="com.ljs.locationtracker.LocationTrackerApplication"
27-->src\main\AndroidManifest.xml:21:9-51
28        android:allowBackup="true"
28-->src\main\AndroidManifest.xml:22:9-35
29        android:appComponentFactory="androidx.core.app.CoreComponentFactory"
29-->[androidx.core:core:1.6.0] AndroidManifest.xml:24:18-86
30        android:hardwareAccelerated="true"
30-->src\main\AndroidManifest.xml:30:9-43
31        android:icon="@mipmap/ha"
31-->src\main\AndroidManifest.xml:23:9-34
32        android:label="@string/app_name"
32-->src\main\AndroidManifest.xml:24:9-41
33        android:largeHeap="true"
33-->src\main\AndroidManifest.xml:31:9-33
34        android:persistent="true"
34-->src\main\AndroidManifest.xml:25:9-34
35        android:process=":location"
35-->src\main\AndroidManifest.xml:29:9-36
36        android:roundIcon="@mipmap/ha"
36-->src\main\AndroidManifest.xml:26:9-39
37        android:supportsRtl="true"
37-->src\main\AndroidManifest.xml:27:9-35
38        android:theme="@style/Theme.LocationTracker" >
38-->src\main\AndroidManifest.xml:28:9-53
39        <service
39-->src\main\AndroidManifest.xml:33:9-37:40
40            android:name="com.ljs.locationtracker.LocationForcegroundService"
40-->src\main\AndroidManifest.xml:34:13-55
41            android:enabled="true"
41-->src\main\AndroidManifest.xml:36:13-35
42            android:exported="false"
42-->src\main\AndroidManifest.xml:37:13-37
43            android:foregroundServiceType="location" />
43-->src\main\AndroidManifest.xml:35:13-53
44
45        <activity
45-->src\main\AndroidManifest.xml:39:9-43:46
46            android:name="com.ljs.locationtracker.CheckPermissionsActivity"
46-->src\main\AndroidManifest.xml:40:13-53
47            android:exported="false"
47-->src\main\AndroidManifest.xml:42:13-37
48            android:launchMode="singleTop"
48-->src\main\AndroidManifest.xml:43:13-43
49            android:theme="@style/Theme.LocationTracker" />
49-->src\main\AndroidManifest.xml:41:13-57
50
51        <receiver
51-->src\main\AndroidManifest.xml:45:9-65:20
52            android:name="com.ljs.locationtracker.BootBroadcastReceiver"
52-->src\main\AndroidManifest.xml:46:13-50
53            android:enabled="true"
53-->src\main\AndroidManifest.xml:47:13-35
54            android:exported="true"
54-->src\main\AndroidManifest.xml:48:13-36
55            android:priority="1000" >
55-->src\main\AndroidManifest.xml:49:13-36
56            <intent-filter android:priority="1000" >
56-->src\main\AndroidManifest.xml:50:13-64:29
56-->src\main\AndroidManifest.xml:50:28-51
57                <action android:name="android.intent.action.BOOT_COMPLETED" />
57-->src\main\AndroidManifest.xml:51:17-79
57-->src\main\AndroidManifest.xml:51:25-76
58                <action android:name="android.intent.action.SCREEN_ON" />
58-->src\main\AndroidManifest.xml:52:17-74
58-->src\main\AndroidManifest.xml:52:25-71
59                <action android:name="android.intent.action.SCREEN_OFF" />
59-->src\main\AndroidManifest.xml:53:17-75
59-->src\main\AndroidManifest.xml:53:25-72
60                <action android:name="android.intent.action.USER_PRESENT" />
60-->src\main\AndroidManifest.xml:54:17-77
60-->src\main\AndroidManifest.xml:54:25-74
61                <action android:name="com.ljs.ltmservice.start" />
61-->src\main\AndroidManifest.xml:55:17-67
61-->src\main\AndroidManifest.xml:55:25-64
62                <!-- 荣耀/华为手机特殊广播 -->
63                <action android:name="android.intent.action.MY_PACKAGE_REPLACED" />
63-->src\main\AndroidManifest.xml:57:17-84
63-->src\main\AndroidManifest.xml:57:25-81
64                <action android:name="android.intent.action.PACKAGE_REPLACED" />
64-->src\main\AndroidManifest.xml:58:17-81
64-->src\main\AndroidManifest.xml:58:25-78
65                <action android:name="android.intent.action.PACKAGE_ADDED" />
65-->src\main\AndroidManifest.xml:59:17-78
65-->src\main\AndroidManifest.xml:59:25-75
66                <action android:name="android.intent.action.PACKAGE_RESTARTED" />
66-->src\main\AndroidManifest.xml:60:17-82
66-->src\main\AndroidManifest.xml:60:25-79
67                <action android:name="com.huawei.android.launcher.permission.CHANGE_BADGE" />
67-->src\main\AndroidManifest.xml:61:17-94
67-->src\main\AndroidManifest.xml:61:25-91
68                <action android:name="com.huawei.android.launcher.permission.READ_SETTINGS" />
68-->src\main\AndroidManifest.xml:62:17-95
68-->src\main\AndroidManifest.xml:62:25-92
69                <action android:name="com.huawei.android.launcher.permission.WRITE_SETTINGS" />
69-->src\main\AndroidManifest.xml:63:17-96
69-->src\main\AndroidManifest.xml:63:25-93
70            </intent-filter>
71        </receiver>
72
73        <service
73-->src\main\AndroidManifest.xml:67:9-73:39
74            android:name="com.ljs.locationtracker.ltmService"
74-->src\main\AndroidManifest.xml:68:13-39
75            android:enabled="true"
75-->src\main\AndroidManifest.xml:69:13-35
76            android:exported="true"
76-->src\main\AndroidManifest.xml:70:13-36
77            android:foregroundServiceType="location"
77-->src\main\AndroidManifest.xml:71:13-53
78            android:priority="1000"
78-->src\main\AndroidManifest.xml:73:13-36
79            android:process=":location" />
79-->src\main\AndroidManifest.xml:72:13-40
80        <service
80-->src\main\AndroidManifest.xml:75:9-78:40
81            android:name="com.ljs.locationtracker.ConfigSyncService"
81-->src\main\AndroidManifest.xml:76:13-46
82            android:enabled="true"
82-->src\main\AndroidManifest.xml:77:13-35
83            android:exported="false" />
83-->src\main\AndroidManifest.xml:78:13-37
84
85        <activity
85-->src\main\AndroidManifest.xml:80:9-92:20
86            android:name="com.ljs.locationtracker.MainActivity"
86-->src\main\AndroidManifest.xml:81:13-41
87            android:configChanges="keyboardHidden|orientation|screenSize"
87-->src\main\AndroidManifest.xml:82:13-74
88            android:exported="true"
88-->src\main\AndroidManifest.xml:85:13-36
89            android:launchMode="singleTop"
89-->src\main\AndroidManifest.xml:86:13-43
90            android:theme="@style/Theme.LocationTracker"
90-->src\main\AndroidManifest.xml:83:13-57
91            android:windowSoftInputMode="adjustResize|stateHidden" >
91-->src\main\AndroidManifest.xml:84:13-67
92            <intent-filter>
92-->src\main\AndroidManifest.xml:87:13-91:29
93                <action android:name="android.intent.action.MAIN" />
93-->src\main\AndroidManifest.xml:88:17-69
93-->src\main\AndroidManifest.xml:88:25-66
94
95                <category android:name="android.intent.category.LAUNCHER" />
95-->src\main\AndroidManifest.xml:90:17-77
95-->src\main\AndroidManifest.xml:90:27-74
96            </intent-filter>
97        </activity>
98
99        <provider
99-->[androidx.work:work-runtime:2.7.1] AndroidManifest.xml:31:9-39:20
100            android:name="androidx.startup.InitializationProvider"
100-->[androidx.work:work-runtime:2.7.1] AndroidManifest.xml:32:13-67
101            android:authorities="com.hx.locationtracker.androidx-startup"
101-->[androidx.work:work-runtime:2.7.1] AndroidManifest.xml:33:13-68
102            android:exported="false" >
102-->[androidx.work:work-runtime:2.7.1] AndroidManifest.xml:34:13-37
103            <meta-data
103-->[androidx.work:work-runtime:2.7.1] AndroidManifest.xml:36:13-38:52
104                android:name="androidx.work.WorkManagerInitializer"
104-->[androidx.work:work-runtime:2.7.1] AndroidManifest.xml:37:17-68
105                android:value="androidx.startup" />
105-->[androidx.work:work-runtime:2.7.1] AndroidManifest.xml:38:17-49
106        </provider>
107
108        <service
108-->[androidx.work:work-runtime:2.7.1] AndroidManifest.xml:41:9-46:35
109            android:name="androidx.work.impl.background.systemalarm.SystemAlarmService"
109-->[androidx.work:work-runtime:2.7.1] AndroidManifest.xml:42:13-88
110            android:directBootAware="false"
110-->[androidx.work:work-runtime:2.7.1] AndroidManifest.xml:43:13-44
111            android:enabled="@bool/enable_system_alarm_service_default"
111-->[androidx.work:work-runtime:2.7.1] AndroidManifest.xml:44:13-72
112            android:exported="false" />
112-->[androidx.work:work-runtime:2.7.1] AndroidManifest.xml:45:13-37
113        <service
113-->[androidx.work:work-runtime:2.7.1] AndroidManifest.xml:47:9-53:35
114            android:name="androidx.work.impl.background.systemjob.SystemJobService"
114-->[androidx.work:work-runtime:2.7.1] AndroidManifest.xml:48:13-84
115            android:directBootAware="false"
115-->[androidx.work:work-runtime:2.7.1] AndroidManifest.xml:49:13-44
116            android:enabled="@bool/enable_system_job_service_default"
116-->[androidx.work:work-runtime:2.7.1] AndroidManifest.xml:50:13-70
117            android:exported="true"
117-->[androidx.work:work-runtime:2.7.1] AndroidManifest.xml:51:13-36
118            android:permission="android.permission.BIND_JOB_SERVICE" />
118-->[androidx.work:work-runtime:2.7.1] AndroidManifest.xml:52:13-69
119        <service
119-->[androidx.work:work-runtime:2.7.1] AndroidManifest.xml:54:9-59:35
120            android:name="androidx.work.impl.foreground.SystemForegroundService"
120-->[androidx.work:work-runtime:2.7.1] AndroidManifest.xml:55:13-81
121            android:directBootAware="false"
121-->[androidx.work:work-runtime:2.7.1] AndroidManifest.xml:56:13-44
122            android:enabled="@bool/enable_system_foreground_service_default"
122-->[androidx.work:work-runtime:2.7.1] AndroidManifest.xml:57:13-77
123            android:exported="false" />
123-->[androidx.work:work-runtime:2.7.1] AndroidManifest.xml:58:13-37
124
125        <receiver
125-->[androidx.work:work-runtime:2.7.1] AndroidManifest.xml:61:9-66:35
126            android:name="androidx.work.impl.utils.ForceStopRunnable$BroadcastReceiver"
126-->[androidx.work:work-runtime:2.7.1] AndroidManifest.xml:62:13-88
127            android:directBootAware="false"
127-->[androidx.work:work-runtime:2.7.1] AndroidManifest.xml:63:13-44
128            android:enabled="true"
128-->[androidx.work:work-runtime:2.7.1] AndroidManifest.xml:64:13-35
129            android:exported="false" />
129-->[androidx.work:work-runtime:2.7.1] AndroidManifest.xml:65:13-37
130        <receiver
130-->[androidx.work:work-runtime:2.7.1] AndroidManifest.xml:67:9-77:20
131            android:name="androidx.work.impl.background.systemalarm.ConstraintProxy$BatteryChargingProxy"
131-->[androidx.work:work-runtime:2.7.1] AndroidManifest.xml:68:13-106
132            android:directBootAware="false"
132-->[androidx.work:work-runtime:2.7.1] AndroidManifest.xml:69:13-44
133            android:enabled="false"
133-->[androidx.work:work-runtime:2.7.1] AndroidManifest.xml:70:13-36
134            android:exported="false" >
134-->[androidx.work:work-runtime:2.7.1] AndroidManifest.xml:71:13-37
135            <intent-filter>
135-->[androidx.work:work-runtime:2.7.1] AndroidManifest.xml:73:13-76:29
136                <action android:name="android.intent.action.ACTION_POWER_CONNECTED" />
136-->[androidx.work:work-runtime:2.7.1] AndroidManifest.xml:74:17-87
136-->[androidx.work:work-runtime:2.7.1] AndroidManifest.xml:74:25-84
137                <action android:name="android.intent.action.ACTION_POWER_DISCONNECTED" />
137-->[androidx.work:work-runtime:2.7.1] AndroidManifest.xml:75:17-90
137-->[androidx.work:work-runtime:2.7.1] AndroidManifest.xml:75:25-87
138            </intent-filter>
139        </receiver>
140        <receiver
140-->[androidx.work:work-runtime:2.7.1] AndroidManifest.xml:78:9-88:20
141            android:name="androidx.work.impl.background.systemalarm.ConstraintProxy$BatteryNotLowProxy"
141-->[androidx.work:work-runtime:2.7.1] AndroidManifest.xml:79:13-104
142            android:directBootAware="false"
142-->[androidx.work:work-runtime:2.7.1] AndroidManifest.xml:80:13-44
143            android:enabled="false"
143-->[androidx.work:work-runtime:2.7.1] AndroidManifest.xml:81:13-36
144            android:exported="false" >
144-->[androidx.work:work-runtime:2.7.1] AndroidManifest.xml:82:13-37
145            <intent-filter>
145-->[androidx.work:work-runtime:2.7.1] AndroidManifest.xml:84:13-87:29
146                <action android:name="android.intent.action.BATTERY_OKAY" />
146-->[androidx.work:work-runtime:2.7.1] AndroidManifest.xml:85:17-77
146-->[androidx.work:work-runtime:2.7.1] AndroidManifest.xml:85:25-74
147                <action android:name="android.intent.action.BATTERY_LOW" />
147-->[androidx.work:work-runtime:2.7.1] AndroidManifest.xml:86:17-76
147-->[androidx.work:work-runtime:2.7.1] AndroidManifest.xml:86:25-73
148            </intent-filter>
149        </receiver>
150        <receiver
150-->[androidx.work:work-runtime:2.7.1] AndroidManifest.xml:89:9-99:20
151            android:name="androidx.work.impl.background.systemalarm.ConstraintProxy$StorageNotLowProxy"
151-->[androidx.work:work-runtime:2.7.1] AndroidManifest.xml:90:13-104
152            android:directBootAware="false"
152-->[androidx.work:work-runtime:2.7.1] AndroidManifest.xml:91:13-44
153            android:enabled="false"
153-->[androidx.work:work-runtime:2.7.1] AndroidManifest.xml:92:13-36
154            android:exported="false" >
154-->[androidx.work:work-runtime:2.7.1] AndroidManifest.xml:93:13-37
155            <intent-filter>
155-->[androidx.work:work-runtime:2.7.1] AndroidManifest.xml:95:13-98:29
156                <action android:name="android.intent.action.DEVICE_STORAGE_LOW" />
156-->[androidx.work:work-runtime:2.7.1] AndroidManifest.xml:96:17-83
156-->[androidx.work:work-runtime:2.7.1] AndroidManifest.xml:96:25-80
157                <action android:name="android.intent.action.DEVICE_STORAGE_OK" />
157-->[androidx.work:work-runtime:2.7.1] AndroidManifest.xml:97:17-82
157-->[androidx.work:work-runtime:2.7.1] AndroidManifest.xml:97:25-79
158            </intent-filter>
159        </receiver>
160        <receiver
160-->[androidx.work:work-runtime:2.7.1] AndroidManifest.xml:100:9-109:20
161            android:name="androidx.work.impl.background.systemalarm.ConstraintProxy$NetworkStateProxy"
161-->[androidx.work:work-runtime:2.7.1] AndroidManifest.xml:101:13-103
162            android:directBootAware="false"
162-->[androidx.work:work-runtime:2.7.1] AndroidManifest.xml:102:13-44
163            android:enabled="false"
163-->[androidx.work:work-runtime:2.7.1] AndroidManifest.xml:103:13-36
164            android:exported="false" >
164-->[androidx.work:work-runtime:2.7.1] AndroidManifest.xml:104:13-37
165            <intent-filter>
165-->[androidx.work:work-runtime:2.7.1] AndroidManifest.xml:106:13-108:29
166                <action android:name="android.net.conn.CONNECTIVITY_CHANGE" />
166-->[androidx.work:work-runtime:2.7.1] AndroidManifest.xml:107:17-79
166-->[androidx.work:work-runtime:2.7.1] AndroidManifest.xml:107:25-76
167            </intent-filter>
168        </receiver>
169        <receiver
169-->[androidx.work:work-runtime:2.7.1] AndroidManifest.xml:110:9-121:20
170            android:name="androidx.work.impl.background.systemalarm.RescheduleReceiver"
170-->[androidx.work:work-runtime:2.7.1] AndroidManifest.xml:111:13-88
171            android:directBootAware="false"
171-->[androidx.work:work-runtime:2.7.1] AndroidManifest.xml:112:13-44
172            android:enabled="false"
172-->[androidx.work:work-runtime:2.7.1] AndroidManifest.xml:113:13-36
173            android:exported="false" >
173-->[androidx.work:work-runtime:2.7.1] AndroidManifest.xml:114:13-37
174            <intent-filter>
174-->[androidx.work:work-runtime:2.7.1] AndroidManifest.xml:116:13-120:29
175                <action android:name="android.intent.action.BOOT_COMPLETED" />
175-->src\main\AndroidManifest.xml:51:17-79
175-->src\main\AndroidManifest.xml:51:25-76
176                <action android:name="android.intent.action.TIME_SET" />
176-->[androidx.work:work-runtime:2.7.1] AndroidManifest.xml:118:17-73
176-->[androidx.work:work-runtime:2.7.1] AndroidManifest.xml:118:25-70
177                <action android:name="android.intent.action.TIMEZONE_CHANGED" />
177-->[androidx.work:work-runtime:2.7.1] AndroidManifest.xml:119:17-81
177-->[androidx.work:work-runtime:2.7.1] AndroidManifest.xml:119:25-78
178            </intent-filter>
179        </receiver>
180        <receiver
180-->[androidx.work:work-runtime:2.7.1] AndroidManifest.xml:122:9-131:20
181            android:name="androidx.work.impl.background.systemalarm.ConstraintProxyUpdateReceiver"
181-->[androidx.work:work-runtime:2.7.1] AndroidManifest.xml:123:13-99
182            android:directBootAware="false"
182-->[androidx.work:work-runtime:2.7.1] AndroidManifest.xml:124:13-44
183            android:enabled="@bool/enable_system_alarm_service_default"
183-->[androidx.work:work-runtime:2.7.1] AndroidManifest.xml:125:13-72
184            android:exported="false" >
184-->[androidx.work:work-runtime:2.7.1] AndroidManifest.xml:126:13-37
185            <intent-filter>
185-->[androidx.work:work-runtime:2.7.1] AndroidManifest.xml:128:13-130:29
186                <action android:name="androidx.work.impl.background.systemalarm.UpdateProxies" />
186-->[androidx.work:work-runtime:2.7.1] AndroidManifest.xml:129:17-98
186-->[androidx.work:work-runtime:2.7.1] AndroidManifest.xml:129:25-95
187            </intent-filter>
188        </receiver>
189        <receiver
189-->[androidx.work:work-runtime:2.7.1] AndroidManifest.xml:132:9-142:20
190            android:name="androidx.work.impl.diagnostics.DiagnosticsReceiver"
190-->[androidx.work:work-runtime:2.7.1] AndroidManifest.xml:133:13-78
191            android:directBootAware="false"
191-->[androidx.work:work-runtime:2.7.1] AndroidManifest.xml:134:13-44
192            android:enabled="true"
192-->[androidx.work:work-runtime:2.7.1] AndroidManifest.xml:135:13-35
193            android:exported="true"
193-->[androidx.work:work-runtime:2.7.1] AndroidManifest.xml:136:13-36
194            android:permission="android.permission.DUMP" >
194-->[androidx.work:work-runtime:2.7.1] AndroidManifest.xml:137:13-57
195            <intent-filter>
195-->[androidx.work:work-runtime:2.7.1] AndroidManifest.xml:139:13-141:29
196                <action android:name="androidx.work.diagnostics.REQUEST_DIAGNOSTICS" />
196-->[androidx.work:work-runtime:2.7.1] AndroidManifest.xml:140:17-88
196-->[androidx.work:work-runtime:2.7.1] AndroidManifest.xml:140:25-85
197            </intent-filter>
198        </receiver>
199
200        <service
200-->[androidx.room:room-runtime:2.2.5] AndroidManifest.xml:25:9-28:40
201            android:name="androidx.room.MultiInstanceInvalidationService"
201-->[androidx.room:room-runtime:2.2.5] AndroidManifest.xml:26:13-74
202            android:directBootAware="true"
202-->[androidx.room:room-runtime:2.2.5] AndroidManifest.xml:27:13-43
203            android:exported="false" />
203-->[androidx.room:room-runtime:2.2.5] AndroidManifest.xml:28:13-37
204    </application>
205
206</manifest>